sorting
MAXENTZAPPROXNOISYOBS
[ 0, 1, 3, 0]:Pick:0.656458232386;
[ 3, 1, 3, 0]:PlaceOnConveyor:0.611096806405;
[ 0, 2, 0, 2]:Pick:0.636265324704;
[ 3, 2, 3, 2]:InspectAfterPicking:0.641633688737;
[ 1, 1, 1, 2]:PlaceOnConveyor:0.609999664836;
[ 0, 2, 0, 2]:Pick:0.622790625111;
[ 3, 2, 3, 2]:InspectAfterPicking:0.612880612422;
[ 1, 0, 1, 2]:PlaceInBin:0.624868611667;
[ 2, 2, 2, 2]:ClaimNewOnion:0.613996544251;
[ 0, 2, 2, 2]:Pick:0.686110184918;
[ 3, 2, 3, 2]:InspectAfterPicking:0.61867462258;
[ 1, 1, 1, 2]:PlaceOnConveyor:0.625637127654;
[ 0, 2, 0, 2]:Pick:0.659699868167;
[ 3, 2, 3, 2]:InspectAfterPicking:0.639947752314;
[ 1, 0, 1, 2]:PlaceInBin:0.665470429031;
[ 2, 2, 2, 2]:ClaimNewOnion:0.626304222624;
[ 0, 2, 2, 2]:Pick:0.648827019281;
[ 3, 2, 3, 2]:InspectAfterPicking:0.634812864954;
[ 1, 1, 1, 2]:PlaceOnConveyor:0.675973554712;
[ 0, 2, 0, 2]:Pick:0.608980500731;
[ 3, 2, 3, 2]:InspectAfterPicking:0.680731199794;
[ 1, 1, 1, 2]:PlaceOnConveyor:0.639484863919;
[ 0, 2, 0, 2]:Pick:0.651562451051;
[ 3, 2, 3, 2]:InspectAfterPicking:0.699853258262;
[ 1, 0, 1, 2]:PlaceInBin:0.666787161317;
[ 2, 2, 2, 2]:ClaimNewOnion:0.665061983966;
[ 2, 2, 2, 2]:ClaimNewOnion:0.625912185092;
[ 0, 2, 2, 2]:Pick:0.673234991817;
[ 3, 2, 3, 2]:InspectAfterPicking:0.600973409359;
[ 3, 2, 3, 2]:InspectAfterPicking:0.694256474863;
[ 3, 2, 3, 2]:InspectAfterPicking:0.62149833605;
[ 1, 1, 1, 2]:PlaceOnConveyor:0.699516962046;
[ 0, 2, 0, 2]:Pick:0.671650619906;
[ 3, 2, 3, 2]:InspectAfterPicking:0.685690075716;
[ 1, 1, 1, 2]:PlaceOnConveyor:0.623969066205;
[ 0, 2, 0, 2]:Pick:0.667673212181;
[ 3, 2, 3, 2]:InspectAfterPicking:0.639139019978;
[ 1, 1, 1, 2]:PlaceOnConveyor:0.699032721049;
[ 0, 2, 0, 2]:Pick:0.697239666835;
[ 3, 2, 3, 2]:InspectAfterPicking:0.665280540872;
[ 1, 1, 1, 2]:PlaceOnConveyor:0.673389095878;
[ 0, 2, 0, 2]:Pick:0.624633700347;
[ 3, 2, 3, 2]:InspectAfterPicking:0.675117902605;
[ 1, 0, 1, 2]:PlaceInBin:0.638569985337;
[ 2, 2, 2, 2]:ClaimNewOnion:0.601035588643;
[ 0, 2, 2, 2]:Pick:0.676155894559;
[ 3, 2, 3, 2]:InspectAfterPicking:0.639699325622;
[ 1, 0, 1, 2]:PlaceInBin:0.635715275952;
[ 2, 2, 2, 2]:ClaimNewOnion:0.606437119528;
[ 0, 2, 2, 2]:Pick:0.633171964871;
[ 3, 2, 3, 2]:InspectAfterPicking:0.632641771305;
[ 1, 1, 1, 2]:PlaceOnConveyor:0.659168277435;
[ 0, 2, 0, 2]:Pick:0.665742586838;
[ 3, 2, 3, 2]:InspectAfterPicking:0.68065626326;
[ 1, 0, 1, 2]:PlaceInBin:0.640921160887;
[ 2, 2, 2, 2]:ClaimNewOnion:0.648960333569;
[ 0, 2, 2, 2]:Pick:0.613003550879;
[ 3, 2, 3, 2]:InspectAfterPicking:0.601675844736;
[ 1, 1, 1, 2]:PlaceOnConveyor:0.692484802908;
[ 0, 2, 0, 2]:Pick:0.676660854875;
[ 3, 2, 3, 2]:InspectAfterPicking:0.600376383707;
[ 1, 1, 1, 2]:PlaceOnConveyor:0.640356850612;
[ 0, 2, 0, 2]:Pick:0.625869945179;
[ 3, 2, 3, 2]:InspectAfterPicking:0.660253455852;
[ 1, 0, 1, 2]:PlaceInBin:0.643888188509;
[ 2, 2, 2, 2]:ClaimNewOnion:0.67805338356;
[ 0, 2, 2, 2]:Pick:0.669048511799;
[ 3, 2, 3, 2]:InspectAfterPicking:0.640547884008;
[ 1, 1, 1, 2]:PlaceOnConveyor:0.638638285402;
[ 0, 2, 0, 2]:Pick:0.628972190499;
[ 3, 2, 3, 2]:InspectAfterPicking:0.650768720171;
[ 1, 0, 1, 2]:PlaceInBin:0.68599109539;
[ 2, 2, 2, 2]:ClaimNewOnion:0.62212296327;
[ 0, 2, 2, 2]:Pick:0.699931635461;
[ 3, 2, 3, 2]:InspectAfterPicking:0.628817176267;
[ 1, 1, 1, 2]:PlaceOnConveyor:0.617416814566;
[ 0, 2, 0, 2]:Pick:0.655033451001;
[ 3, 2, 3, 2]:InspectAfterPicking:0.616747568963;
[ 1, 0, 1, 2]:PlaceInBin:0.645215230314;
[ 2, 2, 2, 2]:ClaimNewOnion:0.676574667546;
[ 0, 2, 2, 2]:Pick:0.67852155188;
[ 3, 2, 3, 2]:InspectAfterPicking:0.633895067858;
[ 1, 1, 1, 2]:PlaceOnConveyor:0.666665222141;
[ 0, 2, 0, 2]:Pick:0.671312085057;
[ 3, 2, 3, 2]:InspectAfterPicking:0.666449731362;
[ 1, 1, 1, 2]:PlaceOnConveyor:0.628909087078;
[ 0, 2, 0, 2]:Pick:0.627977117146;
[ 3, 2, 3, 2]:InspectAfterPicking:0.673056722666;
[ 1, 0, 1, 2]:PlaceInBin:0.662104163412;
[ 2, 2, 2, 2]:ClaimNewOnion:0.649643997547;
[ 0, 2, 2, 2]:Pick:0.68901451657;
[ 3, 2, 3, 2]:InspectAfterPicking:0.663536762762;
[ 1, 0, 1, 2]:PlaceInBin:0.674710242103;
[ 2, 2, 2, 2]:ClaimNewOnion:0.686966903005;
[ 0, 2, 2, 2]:Pick:0.654397180297;
[ 3, 2, 3, 2]:InspectAfterPicking:0.673941648354;
[ 1, 0, 1, 2]:PlaceInBin:0.657787568131;
[ 2, 2, 2, 2]:ClaimNewOnion:0.641930276694;
[ 0, 2, 2, 2]:Pick:0.648139042272;
[ 3, 2, 3, 2]:InspectAfterPicking:0.614472979759;
[ 1, 0, 1, 2]:PlaceInBin:0.696741253404;
[ 2, 2, 2, 2]:ClaimNewOnion:0.619074316425;
[ 0, 2, 2, 2]:Pick:0.65877413265;
[ 3, 2, 3, 2]:InspectAfterPicking:0.60874929391;
[ 1, 1, 1, 2]:PlaceOnConveyor:0.682772814066;
[ 0, 2, 0, 2]:Pick:0.652649439507;
[ 3, 2, 3, 2]:InspectAfterPicking:0.601348234063;
[ 1, 0, 1, 2]:PlaceInBin:0.610104654741;
[ 2, 2, 2, 2]:ClaimNewOnion:0.65495503567;
[ 0, 2, 2, 2]:Pick:0.649260839466;
[ 3, 2, 3, 2]:InspectAfterPicking:0.629972668102;
[ 3, 2, 3, 2]:InspectAfterPicking:0.687777141817;
[ 1, 0, 1, 2]:PlaceInBin:0.656257326602;
[ 2, 2, 2, 2]:ClaimNewOnion:0.643225609344;
[ 0, 2, 2, 2]:Pick:0.693575025461;
[ 3, 2, 3, 2]:InspectAfterPicking:0.627220188973;
[ 1, 0, 1, 2]:PlaceInBin:0.618227603978;
[ 2, 2, 2, 2]:ClaimNewOnion:0.651613908339;
[ 0, 2, 2, 2]:Pick:0.632605538389;
[ 3, 2, 3, 2]:InspectAfterPicking:0.602218213126;
ENDTRAJ
[0.13986013986013987, 0.06993006993006994, 0.13986013986013987, 0.06993006993006994, 0.013986013986013988, 0.006993006993006994, 0.0, 0.27972027972027974, 0.0, 0.0, 0.27972027972027974]
40
0.005
3
3
0
0.015
[0.0845679, 14.6311, 0.0845679, 1.06022, 117.837, 0.0839705, 0.161508, 0.086579, 1.37509, 0.252623, 0.0867649]
[0, 2.025, 0, 0.975, 3, 0, 0.325, 0, 1.05, 0.425, 0]
12
