sorting
MAXENTZAPPROXNOISYOBS
[ 0, 1, 2, 0]:Pick:0.793665178045;
[ 3, 1, 3, 0]:PlaceOnConveyor:0.776905171953;
[ 0, 2, 0, 2]:Pick:0.717745044859;
[ 3, 2, 3, 2]:InspectAfterPicking:0.715071282473;
[ 1, 0, 1, 2]:PlaceInBin:0.705987905397;
[ 2, 2, 2, 2]:ClaimNewOnion:0.777129729878;
[ 0, 2, 2, 2]:Pick:0.756550650977;
[ 3, 2, 3, 2]:InspectAfterPicking:0.799616259989;
[ 1, 1, 1, 2]:PlaceOnConveyor:0.758718972977;
[ 0, 2, 0, 2]:Pick:0.751154594873;
[ 3, 2, 3, 2]:InspectAfterPicking:0.711852708251;
[ 1, 0, 1, 2]:PlaceInBin:0.718213045436;
[ 2, 2, 2, 2]:ClaimNewOnion:0.742371665036;
[ 2, 2, 2, 2]:ClaimNewOnion:0.702446926184;
[ 0, 2, 2, 2]:Pick:0.747907633204;
[ 3, 2, 3, 2]:InspectAfterPicking:0.727187906297;
[ 1, 0, 1, 2]:PlaceInBin:0.721587986914;
[ 2, 2, 2, 2]:ClaimNewOnion:0.713571808037;
[ 0, 2, 2, 2]:Pick:0.749006462221;
[ 3, 2, 3, 2]:InspectAfterPicking:0.746913839096;
[ 1, 0, 1, 2]:PlaceInBin:0.703580723096;
[ 2, 2, 2, 2]:ClaimNewOnion:0.718494970544;
[ 0, 2, 2, 2]:Pick:0.74177017705;
[ 3, 2, 3, 2]:InspectAfterPicking:0.766956990623;
[ 1, 0, 1, 2]:PlaceInBin:0.787150050874;
[ 2, 2, 2, 2]:ClaimNewOnion:0.763159549751;
[ 0, 2, 2, 2]:Pick:0.741771940896;
[ 3, 2, 3, 2]:InspectAfterPicking:0.763273400271;
[ 1, 1, 1, 2]:PlaceOnConveyor:0.794573008406;
[ 0, 2, 0, 2]:Pick:0.76945301044;
[ 3, 2, 3, 2]:InspectAfterPicking:0.747478266282;
[ 3, 2, 3, 2]:InspectAfterPicking:0.70047963989;
[ 1, 0, 1, 2]:PlaceInBin:0.753114578342;
[ 2, 2, 2, 2]:ClaimNewOnion:0.704946490885;
[ 0, 2, 2, 2]:Pick:0.798271226011;
[ 3, 2, 3, 2]:InspectAfterPicking:0.777793303708;
[ 1, 1, 1, 2]:PlaceOnConveyor:0.756094128529;
[ 0, 2, 0, 2]:Pick:0.762917072779;
[ 3, 2, 3, 2]:InspectAfterPicking:0.734670727299;
[ 1, 0, 1, 2]:PlaceInBin:0.731765129506;
[ 2, 2, 2, 2]:ClaimNewOnion:0.727076259659;
[ 0, 2, 2, 2]:Pick:0.775730676307;
[ 3, 2, 3, 2]:InspectAfterPicking:0.742699267569;
[ 1, 1, 1, 2]:PlaceOnConveyor:0.776303491877;
[ 0, 2, 0, 2]:Pick:0.721570045478;
[ 3, 2, 3, 2]:InspectAfterPicking:0.779751871834;
[ 1, 0, 1, 2]:PlaceInBin:0.775049086831;
[ 2, 2, 2, 2]:ClaimNewOnion:0.710195893116;
[ 0, 2, 2, 2]:Pick:0.760498699739;
[ 3, 2, 3, 2]:InspectAfterPicking:0.775025447636;
[ 1, 0, 1, 2]:PlaceInBin:0.763805749976;
[ 2, 2, 2, 2]:ClaimNewOnion:0.706887616905;
[ 0, 2, 2, 2]:Pick:0.708563976967;
[ 3, 2, 3, 2]:InspectAfterPicking:0.7913104425;
[ 1, 0, 1, 2]:PlaceInBin:0.725972453534;
[ 2, 2, 2, 2]:ClaimNewOnion:0.719782447926;
[ 0, 2, 2, 2]:Pick:0.731046149342;
[ 3, 2, 3, 2]:InspectAfterPicking:0.787760533842;
[ 1, 0, 1, 2]:PlaceInBin:0.735263403315;
[ 2, 2, 2, 2]:ClaimNewOnion:0.728011272863;
[ 0, 2, 2, 2]:Pick:0.762226978793;
[ 3, 2, 3, 2]:InspectAfterPicking:0.769012872832;
[ 1, 1, 1, 2]:PlaceOnConveyor:0.748275793905;
[ 0, 2, 0, 2]:Pick:0.792529641229;
[ 3, 2, 3, 2]:InspectAfterPicking:0.746915984146;
[ 1, 0, 1, 2]:PlaceInBin:0.769887135427;
[ 2, 2, 2, 2]:ClaimNewOnion:0.735627574884;
[ 0, 2, 2, 2]:Pick:0.775249991212;
[ 3, 2, 3, 2]:InspectAfterPicking:0.700911247993;
[ 1, 1, 1, 2]:PlaceOnConveyor:0.703334232713;
[ 0, 2, 0, 2]:Pick:0.729899337768;
[ 3, 2, 3, 2]:InspectAfterPicking:0.710150485976;
[ 1, 0, 1, 2]:PlaceInBin:0.771412954365;
[ 2, 2, 2, 2]:ClaimNewOnion:0.735731143485;
[ 0, 2, 2, 2]:Pick:0.734281360318;
[ 3, 2, 3, 2]:InspectAfterPicking:0.785705054809;
[ 3, 2, 3, 2]:InspectAfterPicking:0.778993984673;
[ 1, 0, 1, 2]:PlaceInBin:0.718750321362;
[ 2, 2, 2, 2]:ClaimNewOnion:0.774353098803;
[ 0, 2, 2, 2]:Pick:0.769265573613;
[ 3, 2, 3, 2]:InspectAfterPicking:0.719884445647;
[ 1, 1, 1, 2]:PlaceOnConveyor:0.736437319253;
[ 0, 2, 0, 2]:Pick:0.773949301412;
[ 3, 2, 3, 2]:InspectAfterPicking:0.737905263718;
[ 1, 0, 1, 2]:PlaceInBin:0.786448340486;
[ 2, 2, 2, 2]:ClaimNewOnion:0.761282689014;
[ 0, 2, 2, 2]:Pick:0.749128413774;
[ 3, 2, 3, 2]:InspectAfterPicking:0.742887895146;
[ 1, 0, 1, 2]:PlaceInBin:0.745945984071;
[ 2, 2, 2, 2]:ClaimNewOnion:0.738344962681;
[ 2, 2, 2, 2]:ClaimNewOnion:0.779898747507;
[ 0, 2, 2, 2]:Pick:0.785508095085;
[ 3, 2, 3, 2]:InspectAfterPicking:0.770484479133;
[ 1, 1, 1, 2]:PlaceOnConveyor:0.714183066123;
[ 0, 2, 0, 2]:Pick:0.756605898634;
[ 3, 2, 3, 2]:InspectAfterPicking:0.773537971934;
[ 1, 1, 1, 2]:PlaceOnConveyor:0.759270901761;
[ 0, 2, 0, 2]:Pick:0.770582903248;
[ 3, 2, 3, 2]:InspectAfterPicking:0.767833973596;
[ 3, 2, 3, 2]:InspectAfterPicking:0.794695458776;
[ 1, 0, 1, 2]:PlaceInBin:0.750494048095;
[ 2, 2, 2, 2]:ClaimNewOnion:0.762051180238;
[ 0, 2, 2, 2]:Pick:0.727150400955;
[ 3, 2, 3, 2]:InspectAfterPicking:0.716767146499;
[ 1, 0, 1, 2]:PlaceInBin:0.789218895013;
[ 2, 2, 2, 2]:ClaimNewOnion:0.733499374334;
[ 0, 2, 2, 2]:Pick:0.77027204214;
[ 0, 2, 2, 2]:Pick:0.725269062297;
[ 3, 2, 3, 2]:InspectAfterPicking:0.706810805455;
[ 1, 1, 1, 2]:PlaceOnConveyor:0.740580744501;
[ 0, 2, 0, 2]:Pick:0.722073432201;
[ 3, 2, 3, 2]:InspectAfterPicking:0.766277610947;
[ 1, 0, 1, 2]:PlaceInBin:0.755840647447;
[ 2, 2, 2, 2]:ClaimNewOnion:0.766961222525;
[ 0, 2, 2, 2]:Pick:0.778934002277;
[ 3, 2, 3, 2]:InspectAfterPicking:0.728250200581;
[ 1, 0, 1, 2]:PlaceInBin:0.760015335289;
[ 2, 2, 2, 2]:ClaimNewOnion:0.792360104012;
[ 0, 2, 2, 2]:Pick:0.733318960151;
[ 3, 2, 3, 2]:InspectAfterPicking:0.750916044916;
ENDTRAJ
[0.13986013986013987, 0.069930069930069935, 0.13986013986013987, 0.069930069930069935, 0.013986013986013988, 0.0069930069930069939, 0.0, 0.27972027972027974, 0.0, 0.0, 0.27972027972027974]
40
0.005
3
3
0
0.015
[0.104409, 32.6214, 0.104409, 1.47876, 455.727, 0.10396, 0.472441, 0.0861502, 2.22147, 0.33628, 0.0864257]
[0.025, 1.975, 0.025, 0.975, 3, 0, 0.45, 0, 1, 0.425, 0]
9
