sorting
false
MAXENTZAPPROX
2
false
3
0.0714285714286
ENDT
ENDT
0
[ 0, 2, 0, 0]:InspectWithoutPicking:1;
[ 0, 0, 0, 1]:Pick:1;
[ 3, 0, 3, 1]:PlaceInBin:1;
[ 2, 2, 2, 0]:InspectWithoutPicking:1;
[ 2, 2, 2, 0]:InspectWithoutPicking:1;
[ 0, 0, 2, 1]:Pick:1;
[ 3, 0, 3, 1]:PlaceInBin:1;
[ 2, 2, 2, 0]:InspectWithoutPicking:1;
[ 0, 0, 2, 1]:Pick:1;
[ 3, 0, 3, 1]:PlaceInBin:1;
[ 2, 2, 2, 1]:ClaimNextInList:1;
[ 2, 2, 2, 1]:ClaimNextInList:1;
[ 0, 0, 2, 1]:Pick:1;
[ 3, 0, 3, 1]:PlaceInBin:1;
[ 2, 2, 2, 0]:InspectWithoutPicking:1;
[ 0, 0, 2, 1]:Pick:1;
[ 3, 0, 3, 1]:PlaceInBin:1;
[ 2, 2, 2, 1]:ClaimNextInList:1;
[ 0, 0, 2, 1]:Pick:1;
[ 3, 0, 3, 1]:PlaceInBin:1;
[ 2, 2, 2, 1]:ClaimNextInList:1;
[ 0, 0, 2, 1]:Pick:1;
[ 3, 0, 3, 1]:PlaceInBin:1;
[ 2, 2, 2, 0]:InspectWithoutPicking:1;
[ 0, 0, 2, 1]:Pick:1;
[ 3, 0, 3, 1]:PlaceInBin:1;
[ 2, 2, 2, 1]:ClaimNextInList:1;
[ 0, 0, 2, 1]:Pick:1;
[ 3, 0, 3, 1]:PlaceInBin:1;
[ 2, 2, 2, 0]:InspectWithoutPicking:1;
[ 0, 0, 2, 1]:Pick:1;
[ 3, 0, 3, 1]:PlaceInBin:1;
[ 2, 2, 2, 1]:ClaimNextInList:1;
[ 0, 0, 2, 1]:Pick:1;
[ 3, 0, 3, 1]:PlaceInBin:1;
[ 2, 2, 2, 0]:InspectWithoutPicking:1;
[ 0, 0, 2, 1]:Pick:1;
[ 3, 0, 3, 1]:PlaceInBin:1;
[ 2, 2, 2, 1]:ClaimNextInList:1;
[ 0, 0, 2, 1]:Pick:1;
[ 3, 0, 3, 1]:PlaceInBin:1;
[ 2, 2, 2, 0]:InspectWithoutPicking:1;
[ 0, 0, 2, 1]:Pick:1;
[ 3, 0, 3, 1]:PlaceInBin:1;
[ 2, 2, 2, 0]:InspectWithoutPicking:1;
[ 0, 0, 2, 1]:Pick:1;
[ 3, 0, 3, 1]:PlaceInBin:1;
[ 2, 2, 2, 1]:ClaimNextInList:1;
[ 2, 2, 2, 1]:ClaimNextInList:1;
[ 0, 0, 2, 1]:Pick:1;
[ 3, 0, 3, 1]:PlaceInBin:1;
[ 2, 2, 2, 0]:InspectWithoutPicking:1;
[ 0, 0, 2, 1]:Pick:1;
[ 3, 0, 3, 1]:PlaceInBin:1;
[ 2, 2, 2, 0]:InspectWithoutPicking:1;
[ 0, 0, 2, 1]:Pick:1;
[ 3, 0, 3, 1]:PlaceInBin:1;
[ 2, 2, 2, 1]:ClaimNextInList:1;
[ 0, 0, 2, 1]:Pick:1;
[ 3, 0, 3, 1]:PlaceInBin:1;
[ 2, 2, 2, 1]:ClaimNextInList:1;
[ 0, 0, 2, 1]:Pick:1;
[ 3, 0, 3, 1]:PlaceInBin:1;
[ 2, 2, 2, 0]:InspectWithoutPicking:1;
[ 0, 0, 2, 1]:Pick:1;
[ 3, 0, 3, 1]:PlaceInBin:1;
[ 2, 2, 2, 1]:ClaimNextInList:1;
[ 0, 0, 2, 1]:Pick:1;
[ 3, 0, 3, 1]:PlaceInBin:1;
[ 2, 2, 2, 1]:ClaimNextInList:1;
[ 2, 2, 2, 1]:ClaimNextInList:1;
[ 0, 0, 2, 1]:Pick:1;
[ 3, 0, 3, 1]:PlaceInBin:1;
[ 2, 2, 2, 0]:InspectWithoutPicking:1;
[ 0, 0, 2, 1]:Pick:1;
[ 3, 0, 3, 1]:PlaceInBin:1;
[ 2, 2, 2, 1]:ClaimNextInList:1;
[ 0, 0, 2, 1]:Pick:1;
[ 3, 0, 3, 1]:PlaceInBin:1;
[ 2, 2, 2, 1]:ClaimNextInList:1;
[ 0, 0, 2, 1]:Pick:1;
[ 3, 0, 3, 1]:PlaceInBin:1;
[ 2, 2, 2, 0]:InspectWithoutPicking:1;
[ 0, 0, 2, 1]:Pick:1;
[ 0, 0, 2, 1]:Pick:1;
[ 3, 0, 3, 1]:PlaceInBin:1;
[ 2, 2, 2, 0]:InspectWithoutPicking:1;
[ 0, 0, 2, 1]:Pick:1;
[ 3, 0, 3, 1]:PlaceInBin:1;
[ 2, 2, 2, 0]:InspectWithoutPicking:1;
[ 0, 0, 2, 1]:Pick:1;
[ 3, 0, 3, 1]:PlaceInBin:1;
[ 2, 2, 2, 1]:ClaimNextInList:1;
[ 0, 0, 2, 1]:Pick:1;
[ 3, 0, 3, 1]:PlaceInBin:1;
[ 2, 2, 2, 1]:ClaimNextInList:1;
[ 0, 0, 2, 1]:Pick:1;
[ 3, 0, 3, 1]:PlaceInBin:1;
[ 2, 2, 2, 1]:ClaimNextInList:1;
[ 0, 0, 2, 1]:Pick:1;
[ 3, 0, 3, 1]:PlaceInBin:1;
[ 2, 2, 2, 1]:ClaimNextInList:1;
[ 0, 0, 2, 1]:Pick:1;
[ 3, 0, 3, 1]:PlaceInBin:1;
[ 2, 2, 2, 1]:ClaimNextInList:1;
[ 0, 0, 2, 1]:Pick:1;
[ 3, 0, 3, 1]:PlaceInBin:1;
[ 2, 2, 2, 1]:ClaimNextInList:1;
[ 0, 0, 2, 1]:Pick:1;
[ 3, 0, 3, 1]:PlaceInBin:1;
[ 2, 2, 2, 0]:InspectWithoutPicking:1;
[ 0, 0, 2, 1]:Pick:1;
[ 3, 0, 3, 1]:PlaceInBin:1;
[ 2, 2, 2, 1]:ClaimNextInList:1;
[ 0, 0, 2, 1]:Pick:1;
[ 3, 0, 3, 1]:PlaceInBin:1;
[ 2, 2, 2, 0]:InspectWithoutPicking:1;
[ 0, 0, 2, 1]:Pick:1;
[ 3, 0, 3, 1]:PlaceInBin:1;
[ 2, 2, 2, 1]:ClaimNextInList:1;
[ 0, 0, 2, 1]:Pick:1;
[ 3, 0, 3, 1]:PlaceInBin:1;
[ 2, 2, 2, 1]:ClaimNextInList:1;
[ 0, 0, 2, 1]:Pick:1;
[ 3, 0, 3, 1]:PlaceInBin:1;
[ 2, 2, 2, 0]:InspectWithoutPicking:1;
[ 2, 2, 2, 0]:InspectWithoutPicking:1;
[ 0, 0, 2, 1]:Pick:1;
[ 3, 0, 3, 1]:PlaceInBin:1;
[ 2, 2, 2, 1]:ClaimNextInList:1;
[ 0, 0, 2, 1]:Pick:1;
[ 3, 0, 3, 1]:PlaceInBin:1;
[ 2, 2, 2, 1]:ClaimNextInList:1;
[ 0, 0, 2, 1]:Pick:1;
[ 3, 0, 3, 1]:PlaceInBin:1;
[ 2, 2, 2, 0]:InspectWithoutPicking:1;
[ 0, 0, 2, 1]:Pick:1;
[ 3, 0, 3, 1]:PlaceInBin:1;
[ 2, 2, 2, 0]:InspectWithoutPicking:1;
[ 0, 0, 2, 1]:Pick:1;
[ 3, 0, 3, 1]:PlaceInBin:1;
[ 2, 2, 2, 0]:InspectWithoutPicking:1;
[ 0, 0, 2, 1]:Pick:1;
[ 0, 0, 2, 1]:Pick:1;
[ 3, 0, 3, 1]:PlaceInBin:1;
[ 2, 2, 2, 0]:InspectWithoutPicking:1;
[ 0, 0, 2, 1]:Pick:1;
[ 3, 0, 3, 1]:PlaceInBin:1;
[ 2, 2, 2, 0]:InspectWithoutPicking:1;
[ 0, 0, 2, 1]:Pick:1;
[ 3, 0, 3, 1]:PlaceInBin:1;
[ 2, 2, 2, 0]:InspectWithoutPicking:1;
[ 0, 0, 2, 1]:Pick:1;
[ 3, 0, 3, 1]:PlaceInBin:1;
[ 2, 2, 2, 1]:ClaimNextInList:1;
[ 0, 0, 2, 1]:Pick:1;
[ 3, 0, 3, 1]:PlaceInBin:1;
[ 2, 2, 2, 1]:ClaimNextInList:1;
[ 0, 0, 2, 1]:Pick:1;
[ 3, 0, 3, 1]:PlaceInBin:1;
[ 2, 2, 2, 0]:InspectWithoutPicking:1;
[ 0, 0, 2, 1]:Pick:1;
[ 3, 0, 3, 1]:PlaceInBin:1;
[ 2, 2, 2, 0]:InspectWithoutPicking:1;
[ 0, 0, 2, 1]:Pick:1;
[ 3, 0, 3, 1]:PlaceInBin:1;
[ 3, 0, 3, 1]:PlaceInBin:1;
[ 2, 2, 2, 0]:InspectWithoutPicking:1;
[ 0, 0, 2, 1]:Pick:1;
[ 3, 0, 3, 1]:PlaceInBin:1;
[ 2, 2, 2, 1]:ClaimNextInList:1;
[ 0, 0, 2, 1]:Pick:1;
[ 3, 0, 3, 1]:PlaceInBin:1;
[ 2, 2, 2, 1]:ClaimNextInList:1;
[ 0, 0, 2, 1]:Pick:1;
[ 3, 0, 3, 1]:PlaceInBin:1;
[ 2, 2, 2, 1]:ClaimNextInList:1;
[ 0, 0, 2, 1]:Pick:1;
[ 0, 0, 2, 1]:Pick:1;
[ 3, 0, 3, 1]:PlaceInBin:1;
[ 2, 2, 2, 1]:ClaimNextInList:1;
[ 0, 0, 2, 1]:Pick:1;
[ 3, 0, 3, 1]:PlaceInBin:1;
[ 2, 2, 2, 1]:ClaimNextInList:1;
[ 0, 0, 2, 1]:Pick:1;
[ 3, 0, 3, 1]:PlaceInBin:1;
[ 2, 2, 2, 0]:InspectWithoutPicking:1;
[ 0, 0, 2, 1]:Pick:1;
[ 3, 0, 3, 1]:PlaceInBin:1;
[ 2, 2, 2, 1]:ClaimNextInList:1;
[ 0, 0, 2, 1]:Pick:1;
[ 3, 0, 3, 1]:PlaceInBin:1;
[ 2, 2, 2, 1]:ClaimNextInList:1;
[ 0, 0, 2, 1]:Pick:1;
[ 3, 0, 3, 1]:PlaceInBin:1;
[ 2, 2, 2, 0]:InspectWithoutPicking:1;
[ 0, 0, 2, 1]:Pick:1;
[ 3, 0, 3, 1]:PlaceInBin:1;
[ 2, 2, 2, 0]:InspectWithoutPicking:1;
[ 0, 0, 2, 1]:Pick:1;
ENDTRAJ
[ 0, 2, 0, 0]:InspectWithoutPicking:1;
[ 0, 2, 0, 0]:InspectWithoutPicking:1;
[ 0, 0, 0, 1]:Pick:1;
[ 3, 0, 3, 1]:PlaceInBin:1;
[ 2, 2, 2, 0]:InspectWithoutPicking:1;
[ 0, 0, 2, 1]:Pick:1;
[ 3, 0, 3, 1]:PlaceInBin:1;
[ 2, 2, 2, 1]:ClaimNextInList:1;
[ 0, 0, 2, 1]:Pick:1;
[ 3, 0, 3, 1]:PlaceInBin:1;
[ 2, 2, 2, 0]:InspectWithoutPicking:1;
[ 0, 0, 2, 1]:Pick:1;
[ 3, 0, 3, 1]:PlaceInBin:1;
[ 2, 2, 2, 0]:InspectWithoutPicking:1;
[ 0, 0, 2, 1]:Pick:1;
[ 3, 0, 3, 1]:PlaceInBin:1;
[ 2, 2, 2, 0]:InspectWithoutPicking:1;
[ 0, 0, 2, 1]:Pick:1;
[ 3, 0, 3, 1]:PlaceInBin:1;
[ 2, 2, 2, 1]:ClaimNextInList:1;
[ 0, 0, 2, 1]:Pick:1;
[ 3, 0, 3, 1]:PlaceInBin:1;
[ 2, 2, 2, 0]:InspectWithoutPicking:1;
[ 0, 2, 2, 0]:InspectWithoutPicking:1;
[ 0, 0, 2, 1]:Pick:1;
[ 0, 0, 2, 1]:Pick:1;
[ 3, 0, 3, 1]:PlaceInBin:1;
[ 3, 0, 3, 1]:PlaceInBin:1;
[ 2, 2, 2, 0]:InspectWithoutPicking:1;
[ 0, 0, 2, 1]:Pick:1;
[ 3, 0, 3, 1]:PlaceInBin:1;
[ 2, 2, 2, 1]:ClaimNextInList:1;
[ 0, 0, 2, 1]:Pick:1;
[ 3, 0, 3, 1]:PlaceInBin:1;
[ 2, 2, 2, 0]:InspectWithoutPicking:1;
[ 0, 0, 2, 1]:Pick:1;
[ 3, 0, 3, 1]:PlaceInBin:1;
[ 2, 2, 2, 0]:InspectWithoutPicking:1;
[ 0, 0, 2, 1]:Pick:1;
[ 3, 0, 3, 1]:PlaceInBin:1;
[ 2, 2, 2, 0]:InspectWithoutPicking:1;
[ 0, 0, 2, 1]:Pick:1;
[ 3, 0, 3, 1]:PlaceInBin:1;
[ 2, 2, 2, 0]:InspectWithoutPicking:1;
[ 0, 0, 2, 1]:Pick:1;
[ 3, 0, 3, 1]:PlaceInBin:1;
[ 2, 2, 2, 0]:InspectWithoutPicking:1;
[ 0, 0, 2, 1]:Pick:1;
[ 3, 0, 3, 1]:PlaceInBin:1;
[ 2, 2, 2, 0]:InspectWithoutPicking:1;
[ 0, 0, 2, 1]:Pick:1;
[ 3, 0, 3, 1]:PlaceInBin:1;
[ 2, 2, 2, 0]:InspectWithoutPicking:1;
[ 0, 0, 2, 1]:Pick:1;
[ 3, 0, 3, 1]:PlaceInBin:1;
[ 2, 2, 2, 0]:InspectWithoutPicking:1;
[ 0, 0, 2, 1]:Pick:1;
[ 3, 0, 3, 1]:PlaceInBin:1;
[ 2, 2, 2, 0]:InspectWithoutPicking:1;
[ 0, 0, 2, 1]:Pick:1;
[ 3, 0, 3, 1]:PlaceInBin:1;
[ 2, 2, 2, 0]:InspectWithoutPicking:1;
[ 0, 0, 2, 1]:Pick:1;
[ 3, 0, 3, 1]:PlaceInBin:1;
[ 2, 2, 2, 0]:InspectWithoutPicking:1;
[ 0, 0, 2, 1]:Pick:1;
[ 3, 0, 3, 1]:PlaceInBin:1;
[ 2, 2, 2, 0]:InspectWithoutPicking:1;
[ 0, 0, 2, 1]:Pick:1;
[ 3, 0, 3, 1]:PlaceInBin:1;
[ 2, 2, 2, 0]:InspectWithoutPicking:1;
[ 0, 0, 2, 1]:Pick:1;
[ 3, 0, 3, 1]:PlaceInBin:1;
[ 2, 2, 2, 1]:ClaimNextInList:1;
[ 0, 0, 2, 1]:Pick:1;
[ 3, 0, 3, 1]:PlaceInBin:1;
[ 2, 2, 2, 0]:InspectWithoutPicking:1;
[ 0, 0, 2, 1]:Pick:1;
[ 3, 0, 3, 1]:PlaceInBin:1;
[ 2, 2, 2, 0]:InspectWithoutPicking:1;
[ 0, 0, 2, 1]:Pick:1;
[ 3, 0, 3, 1]:PlaceInBin:1;
[ 2, 2, 2, 1]:ClaimNextInList:1;
[ 0, 0, 2, 1]:Pick:1;
[ 3, 0, 3, 1]:PlaceInBin:1;
[ 2, 2, 2, 1]:ClaimNextInList:1;
[ 0, 0, 2, 1]:Pick:1;
[ 3, 0, 3, 1]:PlaceInBin:1;
[ 2, 2, 2, 0]:InspectWithoutPicking:1;
[ 2, 2, 2, 0]:InspectWithoutPicking:1;
[ 2, 2, 2, 0]:InspectWithoutPicking:1;
[ 0, 0, 2, 1]:Pick:1;
[ 3, 0, 3, 1]:PlaceInBin:1;
[ 2, 2, 2, 1]:ClaimNextInList:1;
[ 0, 0, 2, 1]:Pick:1;
[ 3, 0, 3, 1]:PlaceInBin:1;
[ 2, 2, 2, 1]:ClaimNextInList:1;
[ 0, 0, 2, 1]:Pick:1;
[ 3, 0, 3, 1]:PlaceInBin:1;
[ 2, 2, 2, 0]:InspectWithoutPicking:1;
[ 2, 2, 2, 0]:InspectWithoutPicking:1;
[ 0, 0, 2, 1]:Pick:1;
[ 3, 0, 3, 1]:PlaceInBin:1;
[ 2, 2, 2, 1]:ClaimNextInList:1;
[ 0, 0, 2, 1]:Pick:1;
[ 0, 0, 2, 1]:Pick:1;
[ 3, 0, 3, 1]:PlaceInBin:1;
[ 3, 0, 3, 1]:PlaceInBin:1;
[ 2, 2, 2, 1]:ClaimNextInList:1;
[ 0, 0, 2, 1]:Pick:1;
[ 3, 0, 3, 1]:PlaceInBin:1;
[ 2, 2, 2, 0]:InspectWithoutPicking:1;
[ 2, 2, 2, 0]:InspectWithoutPicking:1;
[ 0, 0, 2, 1]:Pick:1;
[ 3, 0, 3, 1]:PlaceInBin:1;
[ 2, 2, 2, 0]:InspectWithoutPicking:1;
[ 0, 0, 2, 1]:Pick:1;
[ 3, 0, 3, 1]:PlaceInBin:1;
[ 2, 2, 2, 1]:ClaimNextInList:1;
[ 0, 0, 2, 1]:Pick:1;
[ 3, 0, 3, 1]:PlaceInBin:1;
[ 2, 2, 2, 1]:ClaimNextInList:1;
[ 0, 0, 2, 1]:Pick:1;
[ 3, 0, 3, 1]:PlaceInBin:1;
[ 2, 2, 2, 1]:ClaimNextInList:1;
[ 0, 0, 2, 1]:Pick:1;
[ 3, 0, 3, 1]:PlaceInBin:1;
[ 2, 2, 2, 0]:InspectWithoutPicking:1;
[ 0, 0, 2, 1]:Pick:1;
[ 3, 0, 3, 1]:PlaceInBin:1;
[ 2, 2, 2, 0]:InspectWithoutPicking:1;
[ 0, 0, 2, 1]:Pick:1;
[ 3, 0, 3, 1]:PlaceInBin:1;
[ 2, 2, 2, 1]:ClaimNextInList:1;
[ 0, 0, 2, 1]:Pick:1;
[ 3, 0, 3, 1]:PlaceInBin:1;
[ 2, 2, 2, 0]:InspectWithoutPicking:1;
[ 0, 0, 2, 1]:Pick:1;
[ 0, 0, 2, 1]:Pick:1;
[ 3, 0, 3, 1]:PlaceInBin:1;
[ 2, 2, 2, 1]:ClaimNextInList:1;
[ 0, 0, 2, 1]:Pick:1;
[ 3, 0, 3, 1]:PlaceInBin:1;
[ 2, 2, 2, 1]:ClaimNextInList:1;
[ 0, 0, 2, 1]:Pick:1;
[ 3, 0, 3, 1]:PlaceInBin:1;
[ 2, 2, 2, 0]:InspectWithoutPicking:1;
[ 0, 0, 2, 1]:Pick:1;
[ 3, 0, 3, 1]:PlaceInBin:1;
[ 2, 2, 2, 0]:InspectWithoutPicking:1;
[ 0, 2, 2, 0]:InspectWithoutPicking:1;
[ 0, 0, 2, 1]:Pick:1;
[ 0, 0, 2, 1]:Pick:1;
[ 3, 0, 3, 1]:PlaceInBin:1;
[ 2, 2, 2, 1]:ClaimNextInList:1;
[ 0, 0, 2, 1]:Pick:1;
[ 3, 0, 3, 1]:PlaceInBin:1;
[ 2, 2, 2, 0]:InspectWithoutPicking:1;
[ 0, 0, 2, 1]:Pick:1;
[ 3, 0, 3, 1]:PlaceInBin:1;
[ 2, 2, 2, 1]:ClaimNextInList:1;
[ 0, 0, 2, 1]:Pick:1;
[ 3, 0, 3, 1]:PlaceInBin:1;
[ 2, 2, 2, 0]:InspectWithoutPicking:1;
[ 0, 0, 2, 1]:Pick:1;
[ 3, 0, 3, 1]:PlaceInBin:1;
[ 2, 2, 2, 1]:ClaimNextInList:1;
[ 2, 2, 2, 1]:ClaimNextInList:1;
[ 0, 0, 2, 1]:Pick:1;
[ 3, 0, 3, 1]:PlaceInBin:1;
[ 2, 2, 2, 0]:InspectWithoutPicking:1;
[ 0, 0, 2, 1]:Pick:1;
[ 3, 0, 3, 1]:PlaceInBin:1;
[ 2, 2, 2, 0]:InspectWithoutPicking:1;
[ 0, 0, 2, 1]:Pick:1;
[ 3, 0, 3, 1]:PlaceInBin:1;
[ 2, 2, 2, 0]:InspectWithoutPicking:1;
[ 0, 0, 2, 1]:Pick:1;
[ 3, 0, 3, 1]:PlaceInBin:1;
[ 2, 2, 2, 1]:ClaimNextInList:1;
[ 0, 0, 2, 1]:Pick:1;
[ 3, 0, 3, 1]:PlaceInBin:1;
[ 2, 2, 2, 0]:InspectWithoutPicking:1;
[ 0, 0, 2, 1]:Pick:1;
[ 3, 0, 3, 1]:PlaceInBin:1;
[ 2, 2, 2, 1]:ClaimNextInList:1;
[ 0, 0, 2, 1]:Pick:1;
[ 3, 0, 3, 1]:PlaceInBin:1;
[ 2, 2, 2, 0]:InspectWithoutPicking:1;
[ 0, 0, 2, 1]:Pick:1;
[ 0, 0, 2, 1]:Pick:1;
[ 3, 0, 3, 1]:PlaceInBin:1;
[ 2, 2, 2, 1]:ClaimNextInList:1;
[ 0, 0, 2, 1]:Pick:1;
[ 3, 0, 3, 1]:PlaceInBin:1;
[ 2, 2, 2, 1]:ClaimNextInList:1;
[ 0, 0, 2, 1]:Pick:1;
[ 3, 0, 3, 1]:PlaceInBin:1;
[ 2, 2, 2, 1]:ClaimNextInList:1;
[ 0, 0, 2, 1]:Pick:1;
ENDTRAJ
[0.0, 0.14184397163120568, 0.0, 0.14184397163120568, 0.0070921985815602844, 0.0, 0.28368794326241137, 0.0, 0.28368794326241137, 0.14184397163120568, 0.0]
50
[ 0, 2, 0, 0]:InspectWithoutPicking:1;
[ 0, 0, 0, 1]:Pick:1;
[ 3, 0, 3, 1]:PlaceInBin:1;
[ 2, 2, 2, 0]:InspectWithoutPicking:1;
[ 2, 2, 2, 0]:InspectWithoutPicking:1;
[ 0, 0, 2, 1]:Pick:1;
[ 3, 0, 3, 1]:PlaceInBin:1;
[ 2, 2, 2, 0]:InspectWithoutPicking:1;
[ 0, 0, 2, 1]:Pick:1;
[ 3, 0, 3, 1]:PlaceInBin:1;
[ 2, 2, 2, 1]:ClaimNextInList:1;
[ 2, 2, 2, 1]:ClaimNextInList:1;
[ 0, 0, 2, 1]:Pick:1;
[ 3, 0, 3, 1]:PlaceInBin:1;
[ 2, 2, 2, 0]:InspectWithoutPicking:1;
[ 0, 0, 2, 1]:Pick:1;
[ 3, 0, 3, 1]:PlaceInBin:1;
[ 2, 2, 2, 1]:ClaimNextInList:1;
[ 0, 0, 2, 1]:Pick:1;
[ 3, 0, 3, 1]:PlaceInBin:1;
[ 2, 2, 2, 1]:ClaimNextInList:1;
[ 0, 0, 2, 1]:Pick:1;
[ 3, 0, 3, 1]:PlaceInBin:1;
[ 2, 2, 2, 0]:InspectWithoutPicking:1;
[ 0, 0, 2, 1]:Pick:1;
[ 3, 0, 3, 1]:PlaceInBin:1;
[ 2, 2, 2, 1]:ClaimNextInList:1;
[ 0, 0, 2, 1]:Pick:1;
[ 3, 0, 3, 1]:PlaceInBin:1;
[ 2, 2, 2, 0]:InspectWithoutPicking:1;
[ 0, 0, 2, 1]:Pick:1;
[ 3, 0, 3, 1]:PlaceInBin:1;
[ 2, 2, 2, 1]:ClaimNextInList:1;
[ 0, 0, 2, 1]:Pick:1;
[ 3, 0, 3, 1]:PlaceInBin:1;
[ 2, 2, 2, 0]:InspectWithoutPicking:1;
[ 0, 0, 2, 1]:Pick:1;
[ 3, 0, 3, 1]:PlaceInBin:1;
[ 2, 2, 2, 1]:ClaimNextInList:1;
[ 0, 0, 2, 1]:Pick:1;
[ 3, 0, 3, 1]:PlaceInBin:1;
[ 2, 2, 2, 0]:InspectWithoutPicking:1;
[ 0, 0, 2, 1]:Pick:1;
[ 3, 0, 3, 1]:PlaceInBin:1;
[ 2, 2, 2, 0]:InspectWithoutPicking:1;
[ 0, 0, 2, 1]:Pick:1;
[ 3, 0, 3, 1]:PlaceInBin:1;
[ 2, 2, 2, 1]:ClaimNextInList:1;
[ 2, 2, 2, 1]:ClaimNextInList:1;
[ 0, 0, 2, 1]:Pick:1;
[ 3, 0, 3, 1]:PlaceInBin:1;
[ 2, 2, 2, 0]:InspectWithoutPicking:1;
[ 0, 0, 2, 1]:Pick:1;
[ 3, 0, 3, 1]:PlaceInBin:1;
[ 2, 2, 2, 0]:InspectWithoutPicking:1;
[ 0, 0, 2, 1]:Pick:1;
[ 3, 0, 3, 1]:PlaceInBin:1;
[ 2, 2, 2, 1]:ClaimNextInList:1;
[ 0, 0, 2, 1]:Pick:1;
[ 3, 0, 3, 1]:PlaceInBin:1;
[ 2, 2, 2, 1]:ClaimNextInList:1;
[ 0, 0, 2, 1]:Pick:1;
[ 3, 0, 3, 1]:PlaceInBin:1;
[ 2, 2, 2, 0]:InspectWithoutPicking:1;
[ 0, 0, 2, 1]:Pick:1;
[ 3, 0, 3, 1]:PlaceInBin:1;
[ 2, 2, 2, 1]:ClaimNextInList:1;
[ 0, 0, 2, 1]:Pick:1;
[ 3, 0, 3, 1]:PlaceInBin:1;
[ 2, 2, 2, 1]:ClaimNextInList:1;
[ 2, 2, 2, 1]:ClaimNextInList:1;
[ 0, 0, 2, 1]:Pick:1;
[ 3, 0, 3, 1]:PlaceInBin:1;
[ 2, 2, 2, 0]:InspectWithoutPicking:1;
[ 0, 0, 2, 1]:Pick:1;
[ 3, 0, 3, 1]:PlaceInBin:1;
[ 2, 2, 2, 1]:ClaimNextInList:1;
[ 0, 0, 2, 1]:Pick:1;
[ 3, 0, 3, 1]:PlaceInBin:1;
[ 2, 2, 2, 1]:ClaimNextInList:1;
[ 0, 0, 2, 1]:Pick:1;
[ 3, 0, 3, 1]:PlaceInBin:1;
[ 2, 2, 2, 0]:InspectWithoutPicking:1;
[ 0, 0, 2, 1]:Pick:1;
[ 0, 0, 2, 1]:Pick:1;
[ 3, 0, 3, 1]:PlaceInBin:1;
[ 2, 2, 2, 0]:InspectWithoutPicking:1;
[ 0, 0, 2, 1]:Pick:1;
[ 3, 0, 3, 1]:PlaceInBin:1;
[ 2, 2, 2, 0]:InspectWithoutPicking:1;
[ 0, 0, 2, 1]:Pick:1;
[ 3, 0, 3, 1]:PlaceInBin:1;
[ 2, 2, 2, 1]:ClaimNextInList:1;
[ 0, 0, 2, 1]:Pick:1;
[ 3, 0, 3, 1]:PlaceInBin:1;
[ 2, 2, 2, 1]:ClaimNextInList:1;
[ 0, 0, 2, 1]:Pick:1;
[ 3, 0, 3, 1]:PlaceInBin:1;
[ 2, 2, 2, 1]:ClaimNextInList:1;
[ 0, 0, 2, 1]:Pick:1;
[ 3, 0, 3, 1]:PlaceInBin:1;
[ 2, 2, 2, 1]:ClaimNextInList:1;
[ 0, 0, 2, 1]:Pick:1;
[ 3, 0, 3, 1]:PlaceInBin:1;
[ 2, 2, 2, 1]:ClaimNextInList:1;
[ 0, 0, 2, 1]:Pick:1;
[ 3, 0, 3, 1]:PlaceInBin:1;
[ 2, 2, 2, 1]:ClaimNextInList:1;
[ 0, 0, 2, 1]:Pick:1;
[ 3, 0, 3, 1]:PlaceInBin:1;
[ 2, 2, 2, 0]:InspectWithoutPicking:1;
[ 0, 0, 2, 1]:Pick:1;
[ 3, 0, 3, 1]:PlaceInBin:1;
[ 2, 2, 2, 1]:ClaimNextInList:1;
[ 0, 0, 2, 1]:Pick:1;
[ 3, 0, 3, 1]:PlaceInBin:1;
[ 2, 2, 2, 0]:InspectWithoutPicking:1;
[ 0, 0, 2, 1]:Pick:1;
[ 3, 0, 3, 1]:PlaceInBin:1;
[ 2, 2, 2, 1]:ClaimNextInList:1;
[ 0, 0, 2, 1]:Pick:1;
[ 3, 0, 3, 1]:PlaceInBin:1;
[ 2, 2, 2, 1]:ClaimNextInList:1;
[ 0, 0, 2, 1]:Pick:1;
[ 3, 0, 3, 1]:PlaceInBin:1;
[ 2, 2, 2, 0]:InspectWithoutPicking:1;
[ 2, 2, 2, 0]:InspectWithoutPicking:1;
[ 0, 0, 2, 1]:Pick:1;
[ 3, 0, 3, 1]:PlaceInBin:1;
[ 2, 2, 2, 1]:ClaimNextInList:1;
[ 0, 0, 2, 1]:Pick:1;
[ 3, 0, 3, 1]:PlaceInBin:1;
[ 2, 2, 2, 1]:ClaimNextInList:1;
[ 0, 0, 2, 1]:Pick:1;
[ 3, 0, 3, 1]:PlaceInBin:1;
[ 2, 2, 2, 0]:InspectWithoutPicking:1;
[ 0, 0, 2, 1]:Pick:1;
[ 3, 0, 3, 1]:PlaceInBin:1;
[ 2, 2, 2, 0]:InspectWithoutPicking:1;
[ 0, 0, 2, 1]:Pick:1;
[ 3, 0, 3, 1]:PlaceInBin:1;
[ 2, 2, 2, 0]:InspectWithoutPicking:1;
[ 0, 0, 2, 1]:Pick:1;
[ 0, 0, 2, 1]:Pick:1;
[ 3, 0, 3, 1]:PlaceInBin:1;
[ 2, 2, 2, 0]:InspectWithoutPicking:1;
[ 0, 0, 2, 1]:Pick:1;
[ 3, 0, 3, 1]:PlaceInBin:1;
[ 2, 2, 2, 0]:InspectWithoutPicking:1;
[ 0, 0, 2, 1]:Pick:1;
[ 3, 0, 3, 1]:PlaceInBin:1;
[ 2, 2, 2, 0]:InspectWithoutPicking:1;
[ 0, 0, 2, 1]:Pick:1;
[ 3, 0, 3, 1]:PlaceInBin:1;
[ 2, 2, 2, 1]:ClaimNextInList:1;
[ 0, 0, 2, 1]:Pick:1;
[ 3, 0, 3, 1]:PlaceInBin:1;
[ 2, 2, 2, 1]:ClaimNextInList:1;
[ 0, 0, 2, 1]:Pick:1;
[ 3, 0, 3, 1]:PlaceInBin:1;
[ 2, 2, 2, 0]:InspectWithoutPicking:1;
[ 0, 0, 2, 1]:Pick:1;
[ 3, 0, 3, 1]:PlaceInBin:1;
[ 2, 2, 2, 0]:InspectWithoutPicking:1;
[ 0, 0, 2, 1]:Pick:1;
[ 3, 0, 3, 1]:PlaceInBin:1;
[ 3, 0, 3, 1]:PlaceInBin:1;
[ 2, 2, 2, 0]:InspectWithoutPicking:1;
[ 0, 0, 2, 1]:Pick:1;
[ 3, 0, 3, 1]:PlaceInBin:1;
[ 2, 2, 2, 1]:ClaimNextInList:1;
[ 0, 0, 2, 1]:Pick:1;
[ 3, 0, 3, 1]:PlaceInBin:1;
[ 2, 2, 2, 1]:ClaimNextInList:1;
[ 0, 0, 2, 1]:Pick:1;
[ 3, 0, 3, 1]:PlaceInBin:1;
[ 2, 2, 2, 1]:ClaimNextInList:1;
[ 0, 0, 2, 1]:Pick:1;
[ 0, 0, 2, 1]:Pick:1;
[ 3, 0, 3, 1]:PlaceInBin:1;
[ 2, 2, 2, 1]:ClaimNextInList:1;
[ 0, 0, 2, 1]:Pick:1;
[ 3, 0, 3, 1]:PlaceInBin:1;
[ 2, 2, 2, 1]:ClaimNextInList:1;
[ 0, 0, 2, 1]:Pick:1;
[ 3, 0, 3, 1]:PlaceInBin:1;
[ 2, 2, 2, 0]:InspectWithoutPicking:1;
[ 0, 0, 2, 1]:Pick:1;
[ 3, 0, 3, 1]:PlaceInBin:1;
[ 2, 2, 2, 1]:ClaimNextInList:1;
[ 0, 0, 2, 1]:Pick:1;
[ 3, 0, 3, 1]:PlaceInBin:1;
[ 2, 2, 2, 1]:ClaimNextInList:1;
[ 0, 0, 2, 1]:Pick:1;
[ 3, 0, 3, 1]:PlaceInBin:1;
[ 2, 2, 2, 0]:InspectWithoutPicking:1;
[ 0, 0, 2, 1]:Pick:1;
[ 3, 0, 3, 1]:PlaceInBin:1;
[ 2, 2, 2, 0]:InspectWithoutPicking:1;
[ 0, 0, 2, 1]:Pick:1;
ENDTRAJ
[ 0, 2, 0, 0]:InspectWithoutPicking:1;
[ 0, 2, 0, 0]:InspectWithoutPicking:1;
[ 0, 0, 0, 1]:Pick:1;
[ 3, 0, 3, 1]:PlaceInBin:1;
[ 2, 2, 2, 0]:InspectWithoutPicking:1;
[ 0, 0, 2, 1]:Pick:1;
[ 3, 0, 3, 1]:PlaceInBin:1;
[ 2, 2, 2, 1]:ClaimNextInList:1;
[ 0, 0, 2, 1]:Pick:1;
[ 3, 0, 3, 1]:PlaceInBin:1;
[ 2, 2, 2, 0]:InspectWithoutPicking:1;
[ 0, 0, 2, 1]:Pick:1;
[ 3, 0, 3, 1]:PlaceInBin:1;
[ 2, 2, 2, 0]:InspectWithoutPicking:1;
[ 0, 0, 2, 1]:Pick:1;
[ 3, 0, 3, 1]:PlaceInBin:1;
[ 2, 2, 2, 0]:InspectWithoutPicking:1;
[ 0, 0, 2, 1]:Pick:1;
[ 3, 0, 3, 1]:PlaceInBin:1;
[ 2, 2, 2, 1]:ClaimNextInList:1;
[ 0, 0, 2, 1]:Pick:1;
[ 3, 0, 3, 1]:PlaceInBin:1;
[ 2, 2, 2, 0]:InspectWithoutPicking:1;
[ 0, 2, 2, 0]:InspectWithoutPicking:1;
[ 0, 0, 2, 1]:Pick:1;
[ 0, 0, 2, 1]:Pick:1;
[ 3, 0, 3, 1]:PlaceInBin:1;
[ 3, 0, 3, 1]:PlaceInBin:1;
[ 2, 2, 2, 0]:InspectWithoutPicking:1;
[ 0, 0, 2, 1]:Pick:1;
[ 3, 0, 3, 1]:PlaceInBin:1;
[ 2, 2, 2, 1]:ClaimNextInList:1;
[ 0, 0, 2, 1]:Pick:1;
[ 3, 0, 3, 1]:PlaceInBin:1;
[ 2, 2, 2, 0]:InspectWithoutPicking:1;
[ 0, 0, 2, 1]:Pick:1;
[ 3, 0, 3, 1]:PlaceInBin:1;
[ 2, 2, 2, 0]:InspectWithoutPicking:1;
[ 0, 0, 2, 1]:Pick:1;
[ 3, 0, 3, 1]:PlaceInBin:1;
[ 2, 2, 2, 0]:InspectWithoutPicking:1;
[ 0, 0, 2, 1]:Pick:1;
[ 3, 0, 3, 1]:PlaceInBin:1;
[ 2, 2, 2, 0]:InspectWithoutPicking:1;
[ 0, 0, 2, 1]:Pick:1;
[ 3, 0, 3, 1]:PlaceInBin:1;
[ 2, 2, 2, 0]:InspectWithoutPicking:1;
[ 0, 0, 2, 1]:Pick:1;
[ 3, 0, 3, 1]:PlaceInBin:1;
[ 2, 2, 2, 0]:InspectWithoutPicking:1;
[ 0, 0, 2, 1]:Pick:1;
[ 3, 0, 3, 1]:PlaceInBin:1;
[ 2, 2, 2, 0]:InspectWithoutPicking:1;
[ 0, 0, 2, 1]:Pick:1;
[ 3, 0, 3, 1]:PlaceInBin:1;
[ 2, 2, 2, 0]:InspectWithoutPicking:1;
[ 0, 0, 2, 1]:Pick:1;
[ 3, 0, 3, 1]:PlaceInBin:1;
[ 2, 2, 2, 0]:InspectWithoutPicking:1;
[ 0, 0, 2, 1]:Pick:1;
[ 3, 0, 3, 1]:PlaceInBin:1;
[ 2, 2, 2, 0]:InspectWithoutPicking:1;
[ 0, 0, 2, 1]:Pick:1;
[ 3, 0, 3, 1]:PlaceInBin:1;
[ 2, 2, 2, 0]:InspectWithoutPicking:1;
[ 0, 0, 2, 1]:Pick:1;
[ 3, 0, 3, 1]:PlaceInBin:1;
[ 2, 2, 2, 0]:InspectWithoutPicking:1;
[ 0, 0, 2, 1]:Pick:1;
[ 3, 0, 3, 1]:PlaceInBin:1;
[ 2, 2, 2, 0]:InspectWithoutPicking:1;
[ 0, 0, 2, 1]:Pick:1;
[ 3, 0, 3, 1]:PlaceInBin:1;
[ 2, 2, 2, 1]:ClaimNextInList:1;
[ 0, 0, 2, 1]:Pick:1;
[ 3, 0, 3, 1]:PlaceInBin:1;
[ 2, 2, 2, 0]:InspectWithoutPicking:1;
[ 0, 0, 2, 1]:Pick:1;
[ 3, 0, 3, 1]:PlaceInBin:1;
[ 2, 2, 2, 0]:InspectWithoutPicking:1;
[ 0, 0, 2, 1]:Pick:1;
[ 3, 0, 3, 1]:PlaceInBin:1;
[ 2, 2, 2, 1]:ClaimNextInList:1;
[ 0, 0, 2, 1]:Pick:1;
[ 3, 0, 3, 1]:PlaceInBin:1;
[ 2, 2, 2, 1]:ClaimNextInList:1;
[ 0, 0, 2, 1]:Pick:1;
[ 3, 0, 3, 1]:PlaceInBin:1;
[ 2, 2, 2, 0]:InspectWithoutPicking:1;
[ 2, 2, 2, 0]:InspectWithoutPicking:1;
[ 2, 2, 2, 0]:InspectWithoutPicking:1;
[ 0, 0, 2, 1]:Pick:1;
[ 3, 0, 3, 1]:PlaceInBin:1;
[ 2, 2, 2, 1]:ClaimNextInList:1;
[ 0, 0, 2, 1]:Pick:1;
[ 3, 0, 3, 1]:PlaceInBin:1;
[ 2, 2, 2, 1]:ClaimNextInList:1;
[ 0, 0, 2, 1]:Pick:1;
[ 3, 0, 3, 1]:PlaceInBin:1;
[ 2, 2, 2, 0]:InspectWithoutPicking:1;
[ 2, 2, 2, 0]:InspectWithoutPicking:1;
[ 0, 0, 2, 1]:Pick:1;
[ 3, 0, 3, 1]:PlaceInBin:1;
[ 2, 2, 2, 1]:ClaimNextInList:1;
[ 0, 0, 2, 1]:Pick:1;
[ 0, 0, 2, 1]:Pick:1;
[ 3, 0, 3, 1]:PlaceInBin:1;
[ 3, 0, 3, 1]:PlaceInBin:1;
[ 2, 2, 2, 1]:ClaimNextInList:1;
[ 0, 0, 2, 1]:Pick:1;
[ 3, 0, 3, 1]:PlaceInBin:1;
[ 2, 2, 2, 0]:InspectWithoutPicking:1;
[ 2, 2, 2, 0]:InspectWithoutPicking:1;
[ 0, 0, 2, 1]:Pick:1;
[ 3, 0, 3, 1]:PlaceInBin:1;
[ 2, 2, 2, 0]:InspectWithoutPicking:1;
[ 0, 0, 2, 1]:Pick:1;
[ 3, 0, 3, 1]:PlaceInBin:1;
[ 2, 2, 2, 1]:ClaimNextInList:1;
[ 0, 0, 2, 1]:Pick:1;
[ 3, 0, 3, 1]:PlaceInBin:1;
[ 2, 2, 2, 1]:ClaimNextInList:1;
[ 0, 0, 2, 1]:Pick:1;
[ 3, 0, 3, 1]:PlaceInBin:1;
[ 2, 2, 2, 1]:ClaimNextInList:1;
[ 0, 0, 2, 1]:Pick:1;
[ 3, 0, 3, 1]:PlaceInBin:1;
[ 2, 2, 2, 0]:InspectWithoutPicking:1;
[ 0, 0, 2, 1]:Pick:1;
[ 3, 0, 3, 1]:PlaceInBin:1;
[ 2, 2, 2, 0]:InspectWithoutPicking:1;
[ 0, 0, 2, 1]:Pick:1;
[ 3, 0, 3, 1]:PlaceInBin:1;
[ 2, 2, 2, 1]:ClaimNextInList:1;
[ 0, 0, 2, 1]:Pick:1;
[ 3, 0, 3, 1]:PlaceInBin:1;
[ 2, 2, 2, 0]:InspectWithoutPicking:1;
[ 0, 0, 2, 1]:Pick:1;
[ 0, 0, 2, 1]:Pick:1;
[ 3, 0, 3, 1]:PlaceInBin:1;
[ 2, 2, 2, 1]:ClaimNextInList:1;
[ 0, 0, 2, 1]:Pick:1;
[ 3, 0, 3, 1]:PlaceInBin:1;
[ 2, 2, 2, 1]:ClaimNextInList:1;
[ 0, 0, 2, 1]:Pick:1;
[ 3, 0, 3, 1]:PlaceInBin:1;
[ 2, 2, 2, 0]:InspectWithoutPicking:1;
[ 0, 0, 2, 1]:Pick:1;
[ 3, 0, 3, 1]:PlaceInBin:1;
[ 2, 2, 2, 0]:InspectWithoutPicking:1;
[ 0, 2, 2, 0]:InspectWithoutPicking:1;
[ 0, 0, 2, 1]:Pick:1;
[ 0, 0, 2, 1]:Pick:1;
[ 3, 0, 3, 1]:PlaceInBin:1;
[ 2, 2, 2, 1]:ClaimNextInList:1;
[ 0, 0, 2, 1]:Pick:1;
[ 3, 0, 3, 1]:PlaceInBin:1;
[ 2, 2, 2, 0]:InspectWithoutPicking:1;
[ 0, 0, 2, 1]:Pick:1;
[ 3, 0, 3, 1]:PlaceInBin:1;
[ 2, 2, 2, 1]:ClaimNextInList:1;
[ 0, 0, 2, 1]:Pick:1;
[ 3, 0, 3, 1]:PlaceInBin:1;
[ 2, 2, 2, 0]:InspectWithoutPicking:1;
[ 0, 0, 2, 1]:Pick:1;
[ 3, 0, 3, 1]:PlaceInBin:1;
[ 2, 2, 2, 1]:ClaimNextInList:1;
[ 2, 2, 2, 1]:ClaimNextInList:1;
[ 0, 0, 2, 1]:Pick:1;
[ 3, 0, 3, 1]:PlaceInBin:1;
[ 2, 2, 2, 0]:InspectWithoutPicking:1;
[ 0, 0, 2, 1]:Pick:1;
[ 3, 0, 3, 1]:PlaceInBin:1;
[ 2, 2, 2, 0]:InspectWithoutPicking:1;
[ 0, 0, 2, 1]:Pick:1;
[ 3, 0, 3, 1]:PlaceInBin:1;
[ 2, 2, 2, 0]:InspectWithoutPicking:1;
[ 0, 0, 2, 1]:Pick:1;
[ 3, 0, 3, 1]:PlaceInBin:1;
[ 2, 2, 2, 1]:ClaimNextInList:1;
[ 0, 0, 2, 1]:Pick:1;
[ 3, 0, 3, 1]:PlaceInBin:1;
[ 2, 2, 2, 0]:InspectWithoutPicking:1;
[ 0, 0, 2, 1]:Pick:1;
[ 3, 0, 3, 1]:PlaceInBin:1;
[ 2, 2, 2, 1]:ClaimNextInList:1;
[ 0, 0, 2, 1]:Pick:1;
[ 3, 0, 3, 1]:PlaceInBin:1;
[ 2, 2, 2, 0]:InspectWithoutPicking:1;
[ 0, 0, 2, 1]:Pick:1;
[ 0, 0, 2, 1]:Pick:1;
[ 3, 0, 3, 1]:PlaceInBin:1;
[ 2, 2, 2, 1]:ClaimNextInList:1;
[ 0, 0, 2, 1]:Pick:1;
[ 3, 0, 3, 1]:PlaceInBin:1;
[ 2, 2, 2, 1]:ClaimNextInList:1;
[ 0, 0, 2, 1]:Pick:1;
[ 3, 0, 3, 1]:PlaceInBin:1;
[ 2, 2, 2, 1]:ClaimNextInList:1;
[ 0, 0, 2, 1]:Pick:1;
ENDTRAJ
